Base path: /Applications/Unity/Unity.app/Contents
Pipe name: \\.\pipe\UnityShaderCompiler-1--1590353496
Cmd: getPlatforms
Cmd: preprocess
  insize=11293 outsize=5799 ok=1
Cmd: compileSnippet
  api=0 type=0 insize=2640 outsize=771 kw=DIRECTIONAL SHADOWS_OFF LIGHTMAP_OFF DIRLIGHTMAP_OFF ok=1
Cmd: compileSnippet
  api=0 type=1 insize=2640 outsize=477 kw=DIRECTIONAL SHADOWS_OFF LIGHTMAP_OFF DIRLIGHTMAP_OFF ok=1
Cmd: compileSnippet
  api=0 type=0 insize=1946 outsize=1428 kw=SHADOWS_NONATIVE ok=1
Cmd: compileSnippet
  api=0 type=1 insize=1946 outsize=824 kw=SHADOWS_NONATIVE ok=1
Cmd: compileSnippet
  api=0 type=0 insize=1890 outsize=892 kw=SHADOWS_DEPTH ok=1
Cmd: compileSnippet
  api=0 type=1 insize=1890 outsize=131 kw=SHADOWS_DEPTH ok=1
Cmd: compileSnippet
  api=0 type=0 insize=1946 outsize=1428 kw=SHADOWS_SPLIT_SPHERES SHADOWS_NATIVE ok=1
Cmd: compileSnippet
  api=0 type=1 insize=1946 outsize=1144 kw=SHADOWS_SPLIT_SPHERES SHADOWS_NATIVE ok=1
Cmd: preprocess
  insize=15793 outsize=6269 ok=1
Cmd: compileSnippet
  api=0 type=0 insize=1841 outsize=771 kw= ok=1
Cmd: compileSnippet
  api=0 type=1 insize=1841 outsize=261 kw= ok=1
Cmd: compileSnippet
  api=0 type=0 insize=2836 outsize=771 kw=LIGHTMAP_OFF DIRLIGHTMAP_OFF HDR_LIGHT_PREPASS_OFF ok=1
Cmd: compileSnippet
  error: 2 plat 0 at (132): undefined variable "_alphaclip"
  api=0 type=1 insize=2836 outsize=0 kw=LIGHTMAP_OFF DIRLIGHTMAP_OFF HDR_LIGHT_PREPASS_OFF ok=0
Cmd: preprocess
  insize=15794 outsize=6272 ok=1
Cmd: compileSnippet
  api=0 type=0 insize=1841 outsize=771 kw= ok=1
Cmd: compileSnippet
  api=0 type=1 insize=1841 outsize=261 kw= ok=1
Cmd: compileSnippet
  api=0 type=0 insize=2836 outsize=771 kw=LIGHTMAP_OFF DIRLIGHTMAP_OFF HDR_LIGHT_PREPASS_OFF ok=1
Cmd: compileSnippet
  error: 2 plat 0 at (132): undefined variable "_alphaclip"
  api=0 type=1 insize=2836 outsize=0 kw=LIGHTMAP_OFF DIRLIGHTMAP_OFF HDR_LIGHT_PREPASS_OFF ok=0
Cmd: preprocess
  insize=11294 outsize=5801 ok=1
Cmd: compileSnippet
  api=0 type=0 insize=2640 outsize=771 kw=DIRECTIONAL SHADOWS_OFF LIGHTMAP_OFF DIRLIGHTMAP_OFF ok=1
Cmd: compileSnippet
  api=0 type=1 insize=2640 outsize=477 kw=DIRECTIONAL SHADOWS_OFF LIGHTMAP_OFF DIRLIGHTMAP_OFF ok=1
Cmd: compileSnippet
  api=0 type=0 insize=1946 outsize=1428 kw=SHADOWS_NONATIVE ok=1
Cmd: compileSnippet
  api=0 type=1 insize=1946 outsize=824 kw=SHADOWS_NONATIVE ok=1
Cmd: compileSnippet
  api=0 type=0 insize=1890 outsize=892 kw=SHADOWS_DEPTH ok=1
Cmd: compileSnippet
  api=0 type=1 insize=1890 outsize=131 kw=SHADOWS_DEPTH ok=1
Cmd: compileSnippet
  api=0 type=0 insize=1946 outsize=1428 kw=SHADOWS_SPLIT_SPHERES SHADOWS_NATIVE ok=1
Cmd: compileSnippet
  api=0 type=1 insize=1946 outsize=1144 kw=SHADOWS_SPLIT_SPHERES SHADOWS_NATIVE ok=1
Cmd: compileSnippet
  api=0 type=0 insize=2640 outsize=771 kw=DIRECTIONAL SHADOWS_SCREEN LIGHTMAP_OFF DIRLIGHTMAP_OFF ok=1
Cmd: compileSnippet
  api=0 type=1 insize=2640 outsize=477 kw=DIRECTIONAL SHADOWS_SCREEN LIGHTMAP_OFF DIRLIGHTMAP_OFF ok=1
Cmd: preprocess
  insize=11294 outsize=5800 ok=1
Cmd: compileSnippet
  api=0 type=0 insize=2640 outsize=771 kw=DIRECTIONAL SHADOWS_OFF LIGHTMAP_OFF DIRLIGHTMAP_OFF ok=1
Cmd: compileSnippet
  api=0 type=1 insize=2640 outsize=477 kw=DIRECTIONAL SHADOWS_OFF LIGHTMAP_OFF DIRLIGHTMAP_OFF ok=1
Cmd: compileSnippet
  api=0 type=0 insize=1946 outsize=1428 kw=SHADOWS_NONATIVE ok=1
Cmd: compileSnippet
  api=0 type=1 insize=1946 outsize=824 kw=SHADOWS_NONATIVE ok=1
Cmd: compileSnippet
  api=0 type=0 insize=1890 outsize=892 kw=SHADOWS_DEPTH ok=1
Cmd: compileSnippet
  api=0 type=1 insize=1890 outsize=131 kw=SHADOWS_DEPTH ok=1
Cmd: compileSnippet
  api=0 type=0 insize=1946 outsize=1428 kw=SHADOWS_SPLIT_SPHERES SHADOWS_NATIVE ok=1
Cmd: compileSnippet
  api=0 type=1 insize=1946 outsize=1144 kw=SHADOWS_SPLIT_SPHERES SHADOWS_NATIVE ok=1
Cmd: preprocess
  insize=11291 outsize=5801 ok=1
Cmd: compileSnippet
  api=0 type=0 insize=2640 outsize=771 kw=DIRECTIONAL SHADOWS_OFF LIGHTMAP_OFF DIRLIGHTMAP_OFF ok=1
Cmd: compileSnippet
  api=0 type=1 insize=2640 outsize=477 kw=DIRECTIONAL SHADOWS_OFF LIGHTMAP_OFF DIRLIGHTMAP_OFF ok=1
Cmd: compileSnippet
  api=0 type=0 insize=1942 outsize=1428 kw=SHADOWS_NONATIVE ok=1
Cmd: compileSnippet
  api=0 type=1 insize=1942 outsize=824 kw=SHADOWS_NONATIVE ok=1
Cmd: compileSnippet
  api=0 type=0 insize=1890 outsize=892 kw=SHADOWS_DEPTH ok=1
Cmd: compileSnippet
  api=0 type=1 insize=1890 outsize=131 kw=SHADOWS_DEPTH ok=1
Cmd: compileSnippet
  api=0 type=0 insize=1942 outsize=1428 kw=SHADOWS_SPLIT_SPHERES SHADOWS_NATIVE ok=1
Cmd: compileSnippet
  api=0 type=1 insize=1942 outsize=1144 kw=SHADOWS_SPLIT_SPHERES SHADOWS_NATIVE ok=1
Cmd: preprocess
  insize=11284 outsize=5791 ok=1
Cmd: compileSnippet
  api=0 type=0 insize=2640 outsize=771 kw=DIRECTIONAL SHADOWS_OFF LIGHTMAP_OFF DIRLIGHTMAP_OFF ok=1
Cmd: compileSnippet
  api=0 type=1 insize=2640 outsize=477 kw=DIRECTIONAL SHADOWS_OFF LIGHTMAP_OFF DIRLIGHTMAP_OFF ok=1
Cmd: compileSnippet
  api=0 type=0 insize=1946 outsize=1428 kw=SHADOWS_NONATIVE ok=1
Cmd: compileSnippet
  api=0 type=1 insize=1946 outsize=824 kw=SHADOWS_NONATIVE ok=1
Cmd: compileSnippet
  api=0 type=0 insize=1890 outsize=892 kw=SHADOWS_DEPTH ok=1
Cmd: compileSnippet
  api=0 type=1 insize=1890 outsize=131 kw=SHADOWS_DEPTH ok=1
Cmd: compileSnippet
  api=0 type=0 insize=1946 outsize=1428 kw=SHADOWS_SPLIT_SPHERES SHADOWS_NATIVE ok=1
Cmd: compileSnippet
  api=0 type=1 insize=1946 outsize=1144 kw=SHADOWS_SPLIT_SPHERES SHADOWS_NATIVE ok=1
Cmd: preprocess
  insize=15792 outsize=6271 ok=1
Cmd: compileSnippet
  api=0 type=0 insize=1839 outsize=771 kw= ok=1
Cmd: compileSnippet
  api=0 type=1 insize=1839 outsize=261 kw= ok=1
Cmd: compileSnippet
  api=0 type=0 insize=2836 outsize=771 kw=LIGHTMAP_OFF DIRLIGHTMAP_OFF HDR_LIGHT_PREPASS_OFF ok=1
Cmd: compileSnippet
  error: 2 plat 0 at (132): undefined variable "_alphaclip"
  api=0 type=1 insize=2836 outsize=0 kw=LIGHTMAP_OFF DIRLIGHTMAP_OFF HDR_LIGHT_PREPASS_OFF ok=0
Cmd: preprocess
  insize=15793 outsize=6271 ok=1
Cmd: compileSnippet
  api=0 type=0 insize=1841 outsize=771 kw= ok=1
Cmd: compileSnippet
  api=0 type=1 insize=1841 outsize=261 kw= ok=1
Cmd: compileSnippet
  api=0 type=0 insize=2836 outsize=771 kw=LIGHTMAP_OFF DIRLIGHTMAP_OFF HDR_LIGHT_PREPASS_OFF ok=1
Cmd: compileSnippet
  error: 2 plat 0 at (132): undefined variable "_alphaclip"
  api=0 type=1 insize=2836 outsize=0 kw=LIGHTMAP_OFF DIRLIGHTMAP_OFF HDR_LIGHT_PREPASS_OFF ok=0
Cmd: preprocess
  insize=15848 outsize=6325 ok=1
Cmd: compileSnippet
  api=0 type=0 insize=1841 outsize=771 kw= ok=1
Cmd: compileSnippet
  api=0 type=1 insize=1841 outsize=261 kw= ok=1
Cmd: compileSnippet
  api=0 type=0 insize=2836 outsize=771 kw=LIGHTMAP_OFF DIRLIGHTMAP_OFF HDR_LIGHT_PREPASS_OFF ok=1
Cmd: compileSnippet
  error: 2 plat 0 at (133): undefined variable "_alphaclip"
  api=0 type=1 insize=2836 outsize=0 kw=LIGHTMAP_OFF DIRLIGHTMAP_OFF HDR_LIGHT_PREPASS_OFF ok=0
Cmd: preprocess
  insize=17204 outsize=6409 ok=1
Cmd: compileSnippet
  api=0 type=0 insize=2265 outsize=915 kw= ok=1
Cmd: compileSnippet
  api=0 type=1 insize=2265 outsize=496 kw= ok=1
Cmd: compileSnippet
  api=0 type=0 insize=3260 outsize=915 kw=LIGHTMAP_OFF DIRLIGHTMAP_OFF HDR_LIGHT_PREPASS_OFF ok=1
Cmd: compileSnippet
  error: 2 plat 0 at (151): undefined variable "_alphaclip"
  api=0 type=1 insize=3260 outsize=0 kw=LIGHTMAP_OFF DIRLIGHTMAP_OFF HDR_LIGHT_PREPASS_OFF ok=0
Cmd: preprocess
  insize=17205 outsize=6410 ok=1
Cmd: compileSnippet
  api=0 type=0 insize=2265 outsize=915 kw= ok=1
Cmd: compileSnippet
  api=0 type=1 insize=2265 outsize=496 kw= ok=1
Cmd: compileSnippet
  api=0 type=0 insize=3260 outsize=915 kw=LIGHTMAP_OFF DIRLIGHTMAP_OFF HDR_LIGHT_PREPASS_OFF ok=1
Cmd: compileSnippet
  error: 2 plat 0 at (151): undefined variable "_alphaclip"
  api=0 type=1 insize=3260 outsize=0 kw=LIGHTMAP_OFF DIRLIGHTMAP_OFF HDR_LIGHT_PREPASS_OFF ok=0
Cmd: preprocess
  insize=11788 outsize=5872 ok=1
Cmd: compileSnippet
  api=0 type=0 insize=3064 outsize=915 kw=DIRECTIONAL SHADOWS_OFF LIGHTMAP_OFF DIRLIGHTMAP_OFF ok=1
Cmd: compileSnippet
  api=0 type=1 insize=3064 outsize=478 kw=DIRECTIONAL SHADOWS_OFF LIGHTMAP_OFF DIRLIGHTMAP_OFF ok=1
Cmd: compileSnippet
  api=0 type=0 insize=1947 outsize=1428 kw=SHADOWS_NONATIVE ok=1
Cmd: compileSnippet
  api=0 type=1 insize=1947 outsize=824 kw=SHADOWS_NONATIVE ok=1
Cmd: compileSnippet
  api=0 type=0 insize=1890 outsize=892 kw=SHADOWS_DEPTH ok=1
Cmd: compileSnippet
  api=0 type=1 insize=1890 outsize=131 kw=SHADOWS_DEPTH ok=1
Cmd: compileSnippet
  api=0 type=0 insize=1947 outsize=1428 kw=SHADOWS_SPLIT_SPHERES SHADOWS_NATIVE ok=1
Cmd: compileSnippet
  api=0 type=1 insize=1947 outsize=1144 kw=SHADOWS_SPLIT_SPHERES SHADOWS_NATIVE ok=1
Cmd: compileSnippet
  api=0 type=0 insize=3064 outsize=915 kw=DIRECTIONAL SHADOWS_SCREEN LIGHTMAP_OFF DIRLIGHTMAP_OFF ok=1
Cmd: compileSnippet
  api=0 type=1 insize=3064 outsize=478 kw=DIRECTIONAL SHADOWS_SCREEN LIGHTMAP_OFF DIRLIGHTMAP_OFF ok=1
Cmd: preprocess
  insize=11785 outsize=5871 ok=1
Cmd: compileSnippet
  api=0 type=0 insize=3064 outsize=915 kw=DIRECTIONAL SHADOWS_OFF LIGHTMAP_OFF DIRLIGHTMAP_OFF ok=1
Cmd: compileSnippet
  api=0 type=1 insize=3064 outsize=478 kw=DIRECTIONAL SHADOWS_OFF LIGHTMAP_OFF DIRLIGHTMAP_OFF ok=1
Cmd: compileSnippet
  api=0 type=0 insize=1947 outsize=1428 kw=SHADOWS_NONATIVE ok=1
Cmd: compileSnippet
  api=0 type=1 insize=1947 outsize=824 kw=SHADOWS_NONATIVE ok=1
Cmd: compileSnippet
  api=0 type=0 insize=1888 outsize=892 kw=SHADOWS_DEPTH ok=1
Cmd: compileSnippet
  api=0 type=1 insize=1888 outsize=131 kw=SHADOWS_DEPTH ok=1
Cmd: compileSnippet
  api=0 type=0 insize=1947 outsize=1428 kw=SHADOWS_SPLIT_SPHERES SHADOWS_NATIVE ok=1
Cmd: compileSnippet
  api=0 type=1 insize=1947 outsize=1144 kw=SHADOWS_SPLIT_SPHERES SHADOWS_NATIVE ok=1
Cmd: preprocess
  insize=11625 outsize=5869 ok=1
Cmd: compileSnippet
  api=0 type=0 insize=3010 outsize=915 kw=DIRECTIONAL SHADOWS_OFF LIGHTMAP_OFF DIRLIGHTMAP_OFF ok=1
Cmd: compileSnippet
  api=0 type=1 insize=3010 outsize=478 kw=DIRECTIONAL SHADOWS_OFF LIGHTMAP_OFF DIRLIGHTMAP_OFF ok=1
Cmd: compileSnippet
  api=0 type=0 insize=1893 outsize=1428 kw=SHADOWS_NONATIVE ok=1
Cmd: compileSnippet
  api=0 type=1 insize=1893 outsize=824 kw=SHADOWS_NONATIVE ok=1
Cmd: compileSnippet
  api=0 type=0 insize=1836 outsize=892 kw=SHADOWS_DEPTH ok=1
Cmd: compileSnippet
  api=0 type=1 insize=1836 outsize=131 kw=SHADOWS_DEPTH ok=1
Cmd: compileSnippet
  api=0 type=0 insize=1893 outsize=1428 kw=SHADOWS_SPLIT_SPHERES SHADOWS_NATIVE ok=1
Cmd: compileSnippet
  api=0 type=1 insize=1893 outsize=1144 kw=SHADOWS_SPLIT_SPHERES SHADOWS_NATIVE ok=1
Cmd: preprocess
  insize=11625 outsize=5870 ok=1
Cmd: compileSnippet
  api=0 type=0 insize=3010 outsize=915 kw=DIRECTIONAL SHADOWS_OFF LIGHTMAP_OFF DIRLIGHTMAP_OFF ok=1
Cmd: compileSnippet
  api=0 type=1 insize=3010 outsize=478 kw=DIRECTIONAL SHADOWS_OFF LIGHTMAP_OFF DIRLIGHTMAP_OFF ok=1
Cmd: compileSnippet
  api=0 type=0 insize=1893 outsize=1428 kw=SHADOWS_NONATIVE ok=1
Cmd: compileSnippet
  api=0 type=1 insize=1893 outsize=824 kw=SHADOWS_NONATIVE ok=1
Cmd: compileSnippet
  api=0 type=0 insize=1836 outsize=892 kw=SHADOWS_DEPTH ok=1
Cmd: compileSnippet
  api=0 type=1 insize=1836 outsize=131 kw=SHADOWS_DEPTH ok=1
Cmd: compileSnippet
  api=0 type=0 insize=1893 outsize=1428 kw=SHADOWS_SPLIT_SPHERES SHADOWS_NATIVE ok=1
Cmd: compileSnippet
  api=0 type=1 insize=1893 outsize=1144 kw=SHADOWS_SPLIT_SPHERES SHADOWS_NATIVE ok=1
Cmd: preprocess
  insize=11159 outsize=5828 ok=1
Cmd: compileSnippet
  api=0 type=0 insize=2586 outsize=771 kw=DIRECTIONAL SHADOWS_OFF LIGHTMAP_OFF DIRLIGHTMAP_OFF ok=1
Cmd: compileSnippet
  api=0 type=1 insize=2586 outsize=477 kw=DIRECTIONAL SHADOWS_OFF LIGHTMAP_OFF DIRLIGHTMAP_OFF ok=1
Cmd: compileSnippet
  api=0 type=0 insize=1892 outsize=1428 kw=SHADOWS_NONATIVE ok=1
Cmd: compileSnippet
  api=0 type=1 insize=1892 outsize=824 kw=SHADOWS_NONATIVE ok=1
Cmd: compileSnippet
  api=0 type=0 insize=1836 outsize=892 kw=SHADOWS_DEPTH ok=1
Cmd: compileSnippet
  api=0 type=1 insize=1836 outsize=131 kw=SHADOWS_DEPTH ok=1
Cmd: compileSnippet
  api=0 type=0 insize=1892 outsize=1428 kw=SHADOWS_SPLIT_SPHERES SHADOWS_NATIVE ok=1
Cmd: compileSnippet
  api=0 type=1 insize=1892 outsize=1144 kw=SHADOWS_SPLIT_SPHERES SHADOWS_NATIVE ok=1
Cmd: preprocess
  insize=15578 outsize=6326 ok=1
Cmd: compileSnippet
  api=0 type=0 insize=1787 outsize=771 kw= ok=1
Cmd: compileSnippet
  api=0 type=1 insize=1787 outsize=160 kw= ok=1
Cmd: compileSnippet
  api=0 type=0 insize=2782 outsize=771 kw=LIGHTMAP_OFF DIRLIGHTMAP_OFF HDR_LIGHT_PREPASS_OFF ok=1
Cmd: compileSnippet
  error: 2 plat 0 at (131): undefined variable "_alphaclip"
  api=0 type=1 insize=2782 outsize=0 kw=LIGHTMAP_OFF DIRLIGHTMAP_OFF HDR_LIGHT_PREPASS_OFF ok=0
Cmd: preprocess
  insize=11159 outsize=5827 ok=1
Cmd: compileSnippet
  api=0 type=0 insize=2586 outsize=771 kw=DIRECTIONAL SHADOWS_OFF LIGHTMAP_OFF DIRLIGHTMAP_OFF ok=1
Cmd: compileSnippet
  api=0 type=1 insize=2586 outsize=477 kw=DIRECTIONAL SHADOWS_OFF LIGHTMAP_OFF DIRLIGHTMAP_OFF ok=1
Cmd: compileSnippet
  api=0 type=0 insize=1892 outsize=1428 kw=SHADOWS_NONATIVE ok=1
Cmd: compileSnippet
  api=0 type=1 insize=1892 outsize=824 kw=SHADOWS_NONATIVE ok=1
Cmd: compileSnippet
  api=0 type=0 insize=1836 outsize=892 kw=SHADOWS_DEPTH ok=1
Cmd: compileSnippet
  api=0 type=1 insize=1836 outsize=131 kw=SHADOWS_DEPTH ok=1
Cmd: compileSnippet
  api=0 type=0 insize=1892 outsize=1428 kw=SHADOWS_SPLIT_SPHERES SHADOWS_NATIVE ok=1
Cmd: compileSnippet
  api=0 type=1 insize=1892 outsize=1144 kw=SHADOWS_SPLIT_SPHERES SHADOWS_NATIVE ok=1
Cmd: compileSnippet
  api=0 type=0 insize=2586 outsize=771 kw=DIRECTIONAL SHADOWS_SCREEN LIGHTMAP_OFF DIRLIGHTMAP_OFF ok=1
Cmd: compileSnippet
  api=0 type=1 insize=2586 outsize=477 kw=DIRECTIONAL SHADOWS_SCREEN LIGHTMAP_OFF DIRLIGHTMAP_OFF ok=1
Cmd: preprocess
  insize=11321 outsize=5827 ok=1
Cmd: compileSnippet
  api=0 type=0 insize=2640 outsize=771 kw=DIRECTIONAL SHADOWS_OFF LIGHTMAP_OFF DIRLIGHTMAP_OFF ok=1
Cmd: compileSnippet
  api=0 type=1 insize=2640 outsize=477 kw=DIRECTIONAL SHADOWS_OFF LIGHTMAP_OFF DIRLIGHTMAP_OFF ok=1
Cmd: compileSnippet
  api=0 type=0 insize=1946 outsize=1428 kw=SHADOWS_NONATIVE ok=1
Cmd: compileSnippet
  api=0 type=1 insize=1946 outsize=824 kw=SHADOWS_NONATIVE ok=1
Cmd: compileSnippet
  api=0 type=0 insize=1890 outsize=892 kw=SHADOWS_DEPTH ok=1
Cmd: compileSnippet
  api=0 type=1 insize=1890 outsize=131 kw=SHADOWS_DEPTH ok=1
Cmd: compileSnippet
  api=0 type=0 insize=1946 outsize=1428 kw=SHADOWS_SPLIT_SPHERES SHADOWS_NATIVE ok=1
Cmd: compileSnippet
  api=0 type=1 insize=1946 outsize=1144 kw=SHADOWS_SPLIT_SPHERES SHADOWS_NATIVE ok=1
Cmd: preprocess
  insize=11157 outsize=5827 ok=1
Cmd: compileSnippet
  api=0 type=0 insize=2586 outsize=771 kw=DIRECTIONAL SHADOWS_OFF LIGHTMAP_OFF DIRLIGHTMAP_OFF ok=1
Cmd: compileSnippet
  api=0 type=1 insize=2586 outsize=477 kw=DIRECTIONAL SHADOWS_OFF LIGHTMAP_OFF DIRLIGHTMAP_OFF ok=1
Cmd: compileSnippet
  api=0 type=0 insize=1892 outsize=1428 kw=SHADOWS_NONATIVE ok=1
Cmd: compileSnippet
  api=0 type=1 insize=1892 outsize=824 kw=SHADOWS_NONATIVE ok=1
Cmd: compileSnippet
  api=0 type=0 insize=1834 outsize=892 kw=SHADOWS_DEPTH ok=1
Cmd: compileSnippet
  api=0 type=1 insize=1834 outsize=131 kw=SHADOWS_DEPTH ok=1
Cmd: compileSnippet
  api=0 type=0 insize=1892 outsize=1428 kw=SHADOWS_SPLIT_SPHERES SHADOWS_NATIVE ok=1
Cmd: compileSnippet
  api=0 type=1 insize=1892 outsize=1144 kw=SHADOWS_SPLIT_SPHERES SHADOWS_NATIVE ok=1
Cmd: preprocess
  insize=11131 outsize=5799 ok=1
Cmd: compileSnippet
  api=0 type=0 insize=2586 outsize=771 kw=DIRECTIONAL SHADOWS_OFF LIGHTMAP_OFF DIRLIGHTMAP_OFF ok=1
Cmd: compileSnippet
  api=0 type=1 insize=2586 outsize=477 kw=DIRECTIONAL SHADOWS_OFF LIGHTMAP_OFF DIRLIGHTMAP_OFF ok=1
Cmd: compileSnippet
  api=0 type=0 insize=1891 outsize=1428 kw=SHADOWS_NONATIVE ok=1
Cmd: compileSnippet
  api=0 type=1 insize=1891 outsize=824 kw=SHADOWS_NONATIVE ok=1
Cmd: compileSnippet
  api=0 type=0 insize=1836 outsize=892 kw=SHADOWS_DEPTH ok=1
Cmd: compileSnippet
  api=0 type=1 insize=1836 outsize=131 kw=SHADOWS_DEPTH ok=1
Cmd: compileSnippet
  api=0 type=0 insize=1891 outsize=1428 kw=SHADOWS_SPLIT_SPHERES SHADOWS_NATIVE ok=1
Cmd: compileSnippet
  api=0 type=1 insize=1891 outsize=1144 kw=SHADOWS_SPLIT_SPHERES SHADOWS_NATIVE ok=1
Cmd: preprocess
  insize=11175 outsize=5844 ok=1
Cmd: compileSnippet
  api=0 type=0 insize=2586 outsize=771 kw=DIRECTIONAL SHADOWS_OFF LIGHTMAP_OFF DIRLIGHTMAP_OFF ok=1
Cmd: compileSnippet
  api=0 type=1 insize=2586 outsize=477 kw=DIRECTIONAL SHADOWS_OFF LIGHTMAP_OFF DIRLIGHTMAP_OFF ok=1
Cmd: compileSnippet
  api=0 type=0 insize=1892 outsize=1428 kw=SHADOWS_NONATIVE ok=1
Cmd: compileSnippet
  api=0 type=1 insize=1892 outsize=824 kw=SHADOWS_NONATIVE ok=1
Cmd: compileSnippet
  api=0 type=0 insize=1836 outsize=892 kw=SHADOWS_DEPTH ok=1
Cmd: compileSnippet
  api=0 type=1 insize=1836 outsize=131 kw=SHADOWS_DEPTH ok=1
Cmd: compileSnippet
  api=0 type=0 insize=1892 outsize=1428 kw=SHADOWS_SPLIT_SPHERES SHADOWS_NATIVE ok=1
Cmd: compileSnippet
  api=0 type=1 insize=1892 outsize=1144 kw=SHADOWS_SPLIT_SPHERES SHADOWS_NATIVE ok=1
Cmd: preprocess
  insize=11152 outsize=5809 ok=1
Cmd: compileSnippet
  api=0 type=0 insize=2598 outsize=771 kw=DIRECTIONAL SHADOWS_OFF LIGHTMAP_OFF DIRLIGHTMAP_OFF ok=1
Cmd: compileSnippet
  api=0 type=1 insize=2598 outsize=477 kw=DIRECTIONAL SHADOWS_OFF LIGHTMAP_OFF DIRLIGHTMAP_OFF ok=1
Cmd: compileSnippet
  api=0 type=0 insize=1891 outsize=1428 kw=SHADOWS_NONATIVE ok=1
Cmd: compileSnippet
  api=0 type=1 insize=1891 outsize=824 kw=SHADOWS_NONATIVE ok=1
Cmd: compileSnippet
  api=0 type=0 insize=1836 outsize=892 kw=SHADOWS_DEPTH ok=1
Cmd: compileSnippet
  api=0 type=1 insize=1836 outsize=131 kw=SHADOWS_DEPTH ok=1
Cmd: compileSnippet
  api=0 type=0 insize=1891 outsize=1428 kw=SHADOWS_SPLIT_SPHERES SHADOWS_NATIVE ok=1
Cmd: compileSnippet
  api=0 type=1 insize=1891 outsize=1144 kw=SHADOWS_SPLIT_SPHERES SHADOWS_NATIVE ok=1
Cmd: preprocess
  insize=11139 outsize=5797 ok=1
Cmd: compileSnippet
  api=0 type=0 insize=2596 outsize=771 kw=DIRECTIONAL SHADOWS_OFF LIGHTMAP_OFF DIRLIGHTMAP_OFF ok=1
Cmd: compileSnippet
  api=0 type=1 insize=2596 outsize=477 kw=DIRECTIONAL SHADOWS_OFF LIGHTMAP_OFF DIRLIGHTMAP_OFF ok=1
Cmd: compileSnippet
  api=0 type=0 insize=1891 outsize=1428 kw=SHADOWS_NONATIVE ok=1
Cmd: compileSnippet
  api=0 type=1 insize=1891 outsize=824 kw=SHADOWS_NONATIVE ok=1
Cmd: compileSnippet
  api=0 type=0 insize=1836 outsize=892 kw=SHADOWS_DEPTH ok=1
Cmd: compileSnippet
  api=0 type=1 insize=1836 outsize=131 kw=SHADOWS_DEPTH ok=1
Cmd: compileSnippet
  api=0 type=0 insize=1891 outsize=1428 kw=SHADOWS_SPLIT_SPHERES SHADOWS_NATIVE ok=1
Cmd: compileSnippet
  api=0 type=1 insize=1891 outsize=1144 kw=SHADOWS_SPLIT_SPHERES SHADOWS_NATIVE ok=1
Cmd: preprocess
  insize=15519 outsize=6270 ok=1
Cmd: compileSnippet
  api=0 type=0 insize=1787 outsize=771 kw= ok=1
Cmd: compileSnippet
  api=0 type=1 insize=1787 outsize=160 kw= ok=1
Cmd: compileSnippet
  api=0 type=0 insize=2782 outsize=771 kw=LIGHTMAP_OFF DIRLIGHTMAP_OFF HDR_LIGHT_PREPASS_OFF ok=1
Cmd: compileSnippet
  error: 2 plat 0 at (130): undefined variable "_alphaclip"
  api=0 type=1 insize=2782 outsize=0 kw=LIGHTMAP_OFF DIRLIGHTMAP_OFF HDR_LIGHT_PREPASS_OFF ok=0
Cmd: preprocess
  insize=15576 outsize=6326 ok=1
Cmd: compileSnippet
  api=0 type=0 insize=1787 outsize=771 kw= ok=1
Cmd: compileSnippet
  api=0 type=1 insize=1787 outsize=160 kw= ok=1
Cmd: compileSnippet
  api=0 type=0 insize=2782 outsize=771 kw=LIGHTMAP_OFF DIRLIGHTMAP_OFF HDR_LIGHT_PREPASS_OFF ok=1
Cmd: compileSnippet
  error: 2 plat 0 at (131): undefined variable "_alphaclip"
  api=0 type=1 insize=2782 outsize=0 kw=LIGHTMAP_OFF DIRLIGHTMAP_OFF HDR_LIGHT_PREPASS_OFF ok=0
Cmd: preprocess
  insize=15577 outsize=6326 ok=1
Cmd: compileSnippet
  api=0 type=0 insize=1785 outsize=771 kw= ok=1
Cmd: compileSnippet
  api=0 type=1 insize=1785 outsize=160 kw= ok=1
Cmd: compileSnippet
  api=0 type=0 insize=2782 outsize=771 kw=LIGHTMAP_OFF DIRLIGHTMAP_OFF HDR_LIGHT_PREPASS_OFF ok=1
Cmd: compileSnippet
  error: 2 plat 0 at (131): undefined variable "_alphaclip"
  api=0 type=1 insize=2782 outsize=0 kw=LIGHTMAP_OFF DIRLIGHTMAP_OFF HDR_LIGHT_PREPASS_OFF ok=0
Cmd: preprocess
  insize=16933 outsize=6411 ok=1
Cmd: compileSnippet
  api=0 type=0 insize=2211 outsize=915 kw= ok=1
Cmd: compileSnippet
  api=0 type=1 insize=2211 outsize=413 kw= ok=1
Cmd: compileSnippet
  api=0 type=0 insize=3206 outsize=915 kw=LIGHTMAP_OFF DIRLIGHTMAP_OFF HDR_LIGHT_PREPASS_OFF ok=1
Cmd: compileSnippet
  error: 2 plat 0 at (149): undefined variable "_alphaclip"
  api=0 type=1 insize=3206 outsize=0 kw=LIGHTMAP_OFF DIRLIGHTMAP_OFF HDR_LIGHT_PREPASS_OFF ok=0
Cmd: preprocess
  insize=16933 outsize=6410 ok=1
Cmd: compileSnippet
  api=0 type=0 insize=2211 outsize=915 kw= ok=1
Cmd: compileSnippet
  api=0 type=1 insize=2211 outsize=413 kw= ok=1
Cmd: compileSnippet
  api=0 type=0 insize=3206 outsize=915 kw=LIGHTMAP_OFF DIRLIGHTMAP_OFF HDR_LIGHT_PREPASS_OFF ok=1
Cmd: compileSnippet
  error: 2 plat 0 at (149): undefined variable "_alphaclip"
  api=0 type=1 insize=3206 outsize=0 kw=LIGHTMAP_OFF DIRLIGHTMAP_OFF HDR_LIGHT_PREPASS_OFF ok=0
Cmd: preprocess
  insize=11622 outsize=5870 ok=1
Cmd: compileSnippet
  api=0 type=0 insize=3008 outsize=915 kw=DIRECTIONAL SHADOWS_OFF LIGHTMAP_OFF DIRLIGHTMAP_OFF ok=1
Cmd: compileSnippet
  api=0 type=1 insize=3008 outsize=478 kw=DIRECTIONAL SHADOWS_OFF LIGHTMAP_OFF DIRLIGHTMAP_OFF ok=1
Cmd: compileSnippet
  api=0 type=0 insize=1893 outsize=1428 kw=SHADOWS_NONATIVE ok=1
Cmd: compileSnippet
  api=0 type=1 insize=1893 outsize=824 kw=SHADOWS_NONATIVE ok=1
Cmd: compileSnippet
  api=0 type=0 insize=1834 outsize=892 kw=SHADOWS_DEPTH ok=1
Cmd: compileSnippet
  api=0 type=1 insize=1834 outsize=131 kw=SHADOWS_DEPTH ok=1
Cmd: compileSnippet
  api=0 type=0 insize=1893 outsize=1428 kw=SHADOWS_SPLIT_SPHERES SHADOWS_NATIVE ok=1
Cmd: compileSnippet
  api=0 type=1 insize=1893 outsize=1144 kw=SHADOWS_SPLIT_SPHERES SHADOWS_NATIVE ok=1
Cmd: compileSnippet
  api=0 type=0 insize=3008 outsize=915 kw=DIRECTIONAL SHADOWS_SCREEN LIGHTMAP_OFF DIRLIGHTMAP_OFF ok=1
Cmd: compileSnippet
  api=0 type=1 insize=3008 outsize=478 kw=DIRECTIONAL SHADOWS_SCREEN LIGHTMAP_OFF DIRLIGHTMAP_OFF ok=1
Cmd: preprocess
  insize=16933 outsize=6410 ok=1
Cmd: compileSnippet
  api=0 type=0 insize=2209 outsize=915 kw= ok=1
Cmd: compileSnippet
  api=0 type=1 insize=2209 outsize=413 kw= ok=1
Cmd: compileSnippet
  api=0 type=0 insize=3206 outsize=915 kw=LIGHTMAP_OFF DIRLIGHTMAP_OFF HDR_LIGHT_PREPASS_OFF ok=1
Cmd: compileSnippet
  error: 2 plat 0 at (149): undefined variable "_alphaclip"
  api=0 type=1 insize=3206 outsize=0 kw=LIGHTMAP_OFF DIRLIGHTMAP_OFF HDR_LIGHT_PREPASS_OFF ok=0
Cmd: preprocess
  insize=11626 outsize=5871 ok=1
Cmd: compileSnippet
  api=0 type=0 insize=3010 outsize=915 kw=DIRECTIONAL SHADOWS_OFF LIGHTMAP_OFF DIRLIGHTMAP_OFF ok=1
Cmd: compileSnippet
  api=0 type=1 insize=3010 outsize=478 kw=DIRECTIONAL SHADOWS_OFF LIGHTMAP_OFF DIRLIGHTMAP_OFF ok=1
Cmd: compileSnippet
  api=0 type=0 insize=1893 outsize=1428 kw=SHADOWS_NONATIVE ok=1
Cmd: compileSnippet
  api=0 type=1 insize=1893 outsize=824 kw=SHADOWS_NONATIVE ok=1
Cmd: compileSnippet
  api=0 type=0 insize=1836 outsize=892 kw=SHADOWS_DEPTH ok=1
Cmd: compileSnippet
  api=0 type=1 insize=1836 outsize=131 kw=SHADOWS_DEPTH ok=1
Cmd: compileSnippet
  api=0 type=0 insize=1893 outsize=1428 kw=SHADOWS_SPLIT_SPHERES SHADOWS_NATIVE ok=1
Cmd: compileSnippet
  api=0 type=1 insize=1893 outsize=1144 kw=SHADOWS_SPLIT_SPHERES SHADOWS_NATIVE ok=1
Cmd: preprocess
  insize=11614 outsize=5861 ok=1
Cmd: compileSnippet
  api=0 type=0 insize=3010 outsize=915 kw=DIRECTIONAL SHADOWS_OFF LIGHTMAP_OFF DIRLIGHTMAP_OFF ok=1
Cmd: compileSnippet
  api=0 type=1 insize=3010 outsize=478 kw=DIRECTIONAL SHADOWS_OFF LIGHTMAP_OFF DIRLIGHTMAP_OFF ok=1
Cmd: compileSnippet
  api=0 type=0 insize=1893 outsize=1428 kw=SHADOWS_NONATIVE ok=1
Cmd: compileSnippet
  api=0 type=1 insize=1893 outsize=824 kw=SHADOWS_NONATIVE ok=1
Cmd: compileSnippet
  api=0 type=0 insize=1834 outsize=892 kw=SHADOWS_DEPTH ok=1
Cmd: compileSnippet
  api=0 type=1 insize=1834 outsize=131 kw=SHADOWS_DEPTH ok=1
Cmd: compileSnippet
  api=0 type=0 insize=1893 outsize=1428 kw=SHADOWS_SPLIT_SPHERES SHADOWS_NATIVE ok=1
Cmd: compileSnippet
  api=0 type=1 insize=1893 outsize=1144 kw=SHADOWS_SPLIT_SPHERES SHADOWS_NATIVE ok=1
Cmd: preprocess
  insize=11616 outsize=5860 ok=1
Cmd: compileSnippet
  api=0 type=0 insize=3010 outsize=915 kw=DIRECTIONAL SHADOWS_OFF LIGHTMAP_OFF DIRLIGHTMAP_OFF ok=1
Cmd: compileSnippet
  api=0 type=1 insize=3010 outsize=478 kw=DIRECTIONAL SHADOWS_OFF LIGHTMAP_OFF DIRLIGHTMAP_OFF ok=1
Cmd: compileSnippet
  api=0 type=0 insize=1893 outsize=1428 kw=SHADOWS_NONATIVE ok=1
Cmd: compileSnippet
  api=0 type=1 insize=1893 outsize=824 kw=SHADOWS_NONATIVE ok=1
Cmd: compileSnippet
  api=0 type=0 insize=1836 outsize=892 kw=SHADOWS_DEPTH ok=1
Cmd: compileSnippet
  api=0 type=1 insize=1836 outsize=131 kw=SHADOWS_DEPTH ok=1
Cmd: compileSnippet
  api=0 type=0 insize=1893 outsize=1428 kw=SHADOWS_SPLIT_SPHERES SHADOWS_NATIVE ok=1
Cmd: compileSnippet
  api=0 type=1 insize=1893 outsize=1144 kw=SHADOWS_SPLIT_SPHERES SHADOWS_NATIVE ok=1
Cmd: preprocess
  insize=11150 outsize=5818 ok=1
Cmd: compileSnippet
  api=0 type=0 insize=2586 outsize=771 kw=DIRECTIONAL SHADOWS_OFF LIGHTMAP_OFF DIRLIGHTMAP_OFF ok=1
Cmd: compileSnippet
  api=0 type=1 insize=2586 outsize=477 kw=DIRECTIONAL SHADOWS_OFF LIGHTMAP_OFF DIRLIGHTMAP_OFF ok=1
Cmd: compileSnippet
  api=0 type=0 insize=1892 outsize=1428 kw=SHADOWS_NONATIVE ok=1
Cmd: compileSnippet
  api=0 type=1 insize=1892 outsize=824 kw=SHADOWS_NONATIVE ok=1
Cmd: compileSnippet
  api=0 type=0 insize=1836 outsize=892 kw=SHADOWS_DEPTH ok=1
Cmd: compileSnippet
  api=0 type=1 insize=1836 outsize=131 kw=SHADOWS_DEPTH ok=1
Cmd: compileSnippet
  api=0 type=0 insize=1892 outsize=1428 kw=SHADOWS_SPLIT_SPHERES SHADOWS_NATIVE ok=1
Cmd: compileSnippet
  api=0 type=1 insize=1892 outsize=1144 kw=SHADOWS_SPLIT_SPHERES SHADOWS_NATIVE ok=1
Cmd: preprocess
  insize=11150 outsize=5818 ok=1
Cmd: compileSnippet
  api=0 type=0 insize=2586 outsize=771 kw=DIRECTIONAL SHADOWS_OFF LIGHTMAP_OFF DIRLIGHTMAP_OFF ok=1
Cmd: compileSnippet
  api=0 type=1 insize=2586 outsize=477 kw=DIRECTIONAL SHADOWS_OFF LIGHTMAP_OFF DIRLIGHTMAP_OFF ok=1
Cmd: compileSnippet
  api=0 type=0 insize=1892 outsize=1428 kw=SHADOWS_NONATIVE ok=1
Cmd: compileSnippet
  api=0 type=1 insize=1892 outsize=824 kw=SHADOWS_NONATIVE ok=1
Cmd: compileSnippet
  api=0 type=0 insize=1836 outsize=892 kw=SHADOWS_DEPTH ok=1
Cmd: compileSnippet
  api=0 type=1 insize=1836 outsize=131 kw=SHADOWS_DEPTH ok=1
Cmd: compileSnippet
  api=0 type=0 insize=1892 outsize=1428 kw=SHADOWS_SPLIT_SPHERES SHADOWS_NATIVE ok=1
Cmd: compileSnippet
  api=0 type=1 insize=1892 outsize=1144 kw=SHADOWS_SPLIT_SPHERES SHADOWS_NATIVE ok=1
Cmd: preprocess
  insize=11150 outsize=5819 ok=1
Cmd: compileSnippet
  api=0 type=0 insize=2586 outsize=771 kw=DIRECTIONAL SHADOWS_OFF LIGHTMAP_OFF DIRLIGHTMAP_OFF ok=1
Cmd: compileSnippet
  api=0 type=1 insize=2586 outsize=477 kw=DIRECTIONAL SHADOWS_OFF LIGHTMAP_OFF DIRLIGHTMAP_OFF ok=1
Cmd: compileSnippet
  api=0 type=0 insize=1892 outsize=1428 kw=SHADOWS_NONATIVE ok=1
Cmd: compileSnippet
  api=0 type=1 insize=1892 outsize=824 kw=SHADOWS_NONATIVE ok=1
Cmd: compileSnippet
  api=0 type=0 insize=1836 outsize=892 kw=SHADOWS_DEPTH ok=1
Cmd: compileSnippet
  api=0 type=1 insize=1836 outsize=131 kw=SHADOWS_DEPTH ok=1
Cmd: compileSnippet
  api=0 type=0 insize=1892 outsize=1428 kw=SHADOWS_SPLIT_SPHERES SHADOWS_NATIVE ok=1
Cmd: compileSnippet
  api=0 type=1 insize=1892 outsize=1144 kw=SHADOWS_SPLIT_SPHERES SHADOWS_NATIVE ok=1
Cmd: preprocess
  insize=11312 outsize=5818 ok=1
Cmd: compileSnippet
  api=0 type=0 insize=2640 outsize=771 kw=DIRECTIONAL SHADOWS_OFF LIGHTMAP_OFF DIRLIGHTMAP_OFF ok=1
Cmd: compileSnippet
  api=0 type=1 insize=2640 outsize=477 kw=DIRECTIONAL SHADOWS_OFF LIGHTMAP_OFF DIRLIGHTMAP_OFF ok=1
Cmd: compileSnippet
  api=0 type=0 insize=1946 outsize=1428 kw=SHADOWS_NONATIVE ok=1
Cmd: compileSnippet
  api=0 type=1 insize=1946 outsize=824 kw=SHADOWS_NONATIVE ok=1
Cmd: compileSnippet
  api=0 type=0 insize=1890 outsize=892 kw=SHADOWS_DEPTH ok=1
Cmd: compileSnippet
  api=0 type=1 insize=1890 outsize=131 kw=SHADOWS_DEPTH ok=1
Cmd: compileSnippet
  api=0 type=0 insize=1946 outsize=1428 kw=SHADOWS_SPLIT_SPHERES SHADOWS_NATIVE ok=1
Cmd: compileSnippet
  api=0 type=1 insize=1946 outsize=1144 kw=SHADOWS_SPLIT_SPHERES SHADOWS_NATIVE ok=1
Cmd: preprocess
  insize=15849 outsize=6326 ok=1
Cmd: compileSnippet
  api=0 type=0 insize=1841 outsize=771 kw= ok=1
Cmd: compileSnippet
  api=0 type=1 insize=1841 outsize=261 kw= ok=1
Cmd: compileSnippet
  api=0 type=0 insize=2836 outsize=771 kw=LIGHTMAP_OFF DIRLIGHTMAP_OFF HDR_LIGHT_PREPASS_OFF ok=1
Cmd: compileSnippet
  error: 2 plat 0 at (133): undefined variable "_alphaclip"
  api=0 type=1 insize=2836 outsize=0 kw=LIGHTMAP_OFF DIRLIGHTMAP_OFF HDR_LIGHT_PREPASS_OFF ok=0
Cmd: preprocess
  insize=11322 outsize=5829 ok=1
Cmd: compileSnippet
  api=0 type=0 insize=2640 outsize=771 kw=DIRECTIONAL SHADOWS_OFF LIGHTMAP_OFF DIRLIGHTMAP_OFF ok=1
Cmd: compileSnippet
  api=0 type=1 insize=2640 outsize=477 kw=DIRECTIONAL SHADOWS_OFF LIGHTMAP_OFF DIRLIGHTMAP_OFF ok=1
Cmd: compileSnippet
  api=0 type=0 insize=1946 outsize=1428 kw=SHADOWS_NONATIVE ok=1
Cmd: compileSnippet
  api=0 type=1 insize=1946 outsize=824 kw=SHADOWS_NONATIVE ok=1
Cmd: compileSnippet
  api=0 type=0 insize=1890 outsize=892 kw=SHADOWS_DEPTH ok=1
Cmd: compileSnippet
  api=0 type=1 insize=1890 outsize=131 kw=SHADOWS_DEPTH ok=1
Cmd: compileSnippet
  api=0 type=0 insize=1946 outsize=1428 kw=SHADOWS_SPLIT_SPHERES SHADOWS_NATIVE ok=1
Cmd: compileSnippet
  api=0 type=1 insize=1946 outsize=1144 kw=SHADOWS_SPLIT_SPHERES SHADOWS_NATIVE ok=1
Cmd: preprocess
  insize=11118 outsize=5660 ok=1
Cmd: compileSnippet
  api=0 type=0 insize=2605 outsize=771 kw=DIRECTIONAL SHADOWS_OFF LIGHTMAP_OFF DIRLIGHTMAP_OFF ok=1
Cmd: compileSnippet
  api=0 type=1 insize=2605 outsize=486 kw=DIRECTIONAL SHADOWS_OFF LIGHTMAP_OFF DIRLIGHTMAP_OFF ok=1
Cmd: compileSnippet
  api=0 type=0 insize=1945 outsize=1428 kw=SHADOWS_NONATIVE ok=1
Cmd: compileSnippet
  api=0 type=1 insize=1945 outsize=824 kw=SHADOWS_NONATIVE ok=1
Cmd: compileSnippet
  api=0 type=0 insize=1890 outsize=892 kw=SHADOWS_DEPTH ok=1
Cmd: compileSnippet
  api=0 type=1 insize=1890 outsize=131 kw=SHADOWS_DEPTH ok=1
Cmd: compileSnippet
  api=0 type=0 insize=1945 outsize=1428 kw=SHADOWS_SPLIT_SPHERES SHADOWS_NATIVE ok=1
Cmd: compileSnippet
  api=0 type=1 insize=1945 outsize=1144 kw=SHADOWS_SPLIT_SPHERES SHADOWS_NATIVE ok=1
Cmd: preprocess
  insize=15726 outsize=6215 ok=1
Cmd: compileSnippet
  api=0 type=0 insize=1837 outsize=771 kw= ok=1
Cmd: compileSnippet
  api=0 type=1 insize=1837 outsize=261 kw= ok=1
Cmd: compileSnippet
  api=0 type=0 insize=2825 outsize=771 kw=LIGHTMAP_OFF DIRLIGHTMAP_OFF HDR_LIGHT_PREPASS_OFF ok=1
Cmd: compileSnippet
  api=0 type=1 insize=2825 outsize=486 kw=LIGHTMAP_OFF DIRLIGHTMAP_OFF HDR_LIGHT_PREPASS_OFF ok=1
Cmd: compileSnippet
  api=0 type=0 insize=2607 outsize=771 kw=DIRECTIONAL SHADOWS_OFF LIGHTMAP_OFF DIRLIGHTMAP_OFF ok=1
Cmd: compileSnippet
  api=0 type=1 insize=2607 outsize=486 kw=DIRECTIONAL SHADOWS_OFF LIGHTMAP_OFF DIRLIGHTMAP_OFF ok=1
Cmd: compileSnippet
  api=0 type=0 insize=1947 outsize=1428 kw=SHADOWS_NONATIVE ok=1
Cmd: compileSnippet
  api=0 type=1 insize=1947 outsize=824 kw=SHADOWS_NONATIVE ok=1
Cmd: compileSnippet
  api=0 type=0 insize=1890 outsize=892 kw=SHADOWS_DEPTH ok=1
Cmd: compileSnippet
  api=0 type=1 insize=1890 outsize=131 kw=SHADOWS_DEPTH ok=1
Cmd: compileSnippet
  api=0 type=0 insize=1947 outsize=1428 kw=SHADOWS_SPLIT_SPHERES SHADOWS_NATIVE ok=1
Cmd: compileSnippet
  api=0 type=1 insize=1947 outsize=1144 kw=SHADOWS_SPLIT_SPHERES SHADOWS_NATIVE ok=1
Cmd: preprocess
  insize=15729 outsize=6214 ok=1
Cmd: compileSnippet
  api=0 type=0 insize=1841 outsize=771 kw= ok=1
Cmd: compileSnippet
  api=0 type=1 insize=1841 outsize=261 kw= ok=1
Cmd: compileSnippet
  api=0 type=0 insize=2825 outsize=771 kw=LIGHTMAP_OFF DIRLIGHTMAP_OFF HDR_LIGHT_PREPASS_OFF ok=1
Cmd: compileSnippet
  api=0 type=1 insize=2825 outsize=486 kw=LIGHTMAP_OFF DIRLIGHTMAP_OFF HDR_LIGHT_PREPASS_OFF ok=1
Cmd: compileSnippet
  api=0 type=0 insize=2607 outsize=771 kw=DIRECTIONAL SHADOWS_OFF LIGHTMAP_OFF DIRLIGHTMAP_OFF ok=1
Cmd: compileSnippet
  api=0 type=1 insize=2607 outsize=486 kw=DIRECTIONAL SHADOWS_OFF LIGHTMAP_OFF DIRLIGHTMAP_OFF ok=1
Cmd: compileSnippet
  api=0 type=0 insize=1947 outsize=1428 kw=SHADOWS_NONATIVE ok=1
Cmd: compileSnippet
  api=0 type=1 insize=1947 outsize=824 kw=SHADOWS_NONATIVE ok=1
Cmd: compileSnippet
  api=0 type=0 insize=1890 outsize=892 kw=SHADOWS_DEPTH ok=1
Cmd: compileSnippet
  api=0 type=1 insize=1890 outsize=131 kw=SHADOWS_DEPTH ok=1
Cmd: compileSnippet
  api=0 type=0 insize=1947 outsize=1428 kw=SHADOWS_SPLIT_SPHERES SHADOWS_NATIVE ok=1
Cmd: compileSnippet
  api=0 type=1 insize=1947 outsize=1144 kw=SHADOWS_SPLIT_SPHERES SHADOWS_NATIVE ok=1
Cmd: preprocess
  insize=15676 outsize=6159 ok=1
Cmd: compileSnippet
  api=0 type=0 insize=1841 outsize=771 kw= ok=1
Cmd: compileSnippet
  api=0 type=1 insize=1841 outsize=261 kw= ok=1
Cmd: compileSnippet
  api=0 type=0 insize=2827 outsize=771 kw=LIGHTMAP_OFF DIRLIGHTMAP_OFF HDR_LIGHT_PREPASS_OFF ok=1
Cmd: compileSnippet
  api=0 type=1 insize=2827 outsize=486 kw=LIGHTMAP_OFF DIRLIGHTMAP_OFF HDR_LIGHT_PREPASS_OFF ok=1
Cmd: compileSnippet
  api=0 type=0 insize=2607 outsize=771 kw=DIRECTIONAL SHADOWS_OFF LIGHTMAP_OFF DIRLIGHTMAP_OFF ok=1
Cmd: compileSnippet
  api=0 type=1 insize=2607 outsize=486 kw=DIRECTIONAL SHADOWS_OFF LIGHTMAP_OFF DIRLIGHTMAP_OFF ok=1
Cmd: compileSnippet
  api=0 type=0 insize=1947 outsize=1428 kw=SHADOWS_NONATIVE ok=1
Cmd: compileSnippet
  api=0 type=1 insize=1947 outsize=824 kw=SHADOWS_NONATIVE ok=1
Cmd: compileSnippet
  api=0 type=0 insize=1890 outsize=892 kw=SHADOWS_DEPTH ok=1
Cmd: compileSnippet
  api=0 type=1 insize=1890 outsize=131 kw=SHADOWS_DEPTH ok=1
Cmd: compileSnippet
  api=0 type=0 insize=1947 outsize=1428 kw=SHADOWS_SPLIT_SPHERES SHADOWS_NATIVE ok=1
Cmd: compileSnippet
  api=0 type=1 insize=1947 outsize=1144 kw=SHADOWS_SPLIT_SPHERES SHADOWS_NATIVE ok=1
Cmd: preprocess
  insize=15735 outsize=6218 ok=1
Cmd: compileSnippet
  api=0 type=0 insize=1841 outsize=771 kw= ok=1
Cmd: compileSnippet
  api=0 type=1 insize=1841 outsize=261 kw= ok=1
Cmd: compileSnippet
  api=0 type=0 insize=2827 outsize=771 kw=LIGHTMAP_OFF DIRLIGHTMAP_OFF HDR_LIGHT_PREPASS_OFF ok=1
Cmd: compileSnippet
  api=0 type=1 insize=2827 outsize=486 kw=LIGHTMAP_OFF DIRLIGHTMAP_OFF HDR_LIGHT_PREPASS_OFF ok=1
Cmd: compileSnippet
  api=0 type=0 insize=2607 outsize=771 kw=DIRECTIONAL SHADOWS_OFF LIGHTMAP_OFF DIRLIGHTMAP_OFF ok=1
Cmd: compileSnippet
  api=0 type=1 insize=2607 outsize=486 kw=DIRECTIONAL SHADOWS_OFF LIGHTMAP_OFF DIRLIGHTMAP_OFF ok=1
Cmd: compileSnippet
  api=0 type=0 insize=1947 outsize=1428 kw=SHADOWS_NONATIVE ok=1
Cmd: compileSnippet
  api=0 type=1 insize=1947 outsize=824 kw=SHADOWS_NONATIVE ok=1
Cmd: compileSnippet
  api=0 type=0 insize=1890 outsize=892 kw=SHADOWS_DEPTH ok=1
Cmd: compileSnippet
  api=0 type=1 insize=1890 outsize=131 kw=SHADOWS_DEPTH ok=1
Cmd: compileSnippet
  api=0 type=0 insize=1947 outsize=1428 kw=SHADOWS_SPLIT_SPHERES SHADOWS_NATIVE ok=1
Cmd: compileSnippet
  api=0 type=1 insize=1947 outsize=1144 kw=SHADOWS_SPLIT_SPHERES SHADOWS_NATIVE ok=1
Cmd: preprocess
  insize=15676 outsize=6160 ok=1
Cmd: compileSnippet
  api=0 type=0 insize=1841 outsize=771 kw= ok=1
Cmd: compileSnippet
  api=0 type=1 insize=1841 outsize=261 kw= ok=1
Cmd: compileSnippet
  api=0 type=0 insize=2827 outsize=771 kw=LIGHTMAP_OFF DIRLIGHTMAP_OFF HDR_LIGHT_PREPASS_OFF ok=1
Cmd: compileSnippet
  api=0 type=1 insize=2827 outsize=486 kw=LIGHTMAP_OFF DIRLIGHTMAP_OFF HDR_LIGHT_PREPASS_OFF ok=1
Cmd: compileSnippet
  api=0 type=0 insize=2607 outsize=771 kw=DIRECTIONAL SHADOWS_OFF LIGHTMAP_OFF DIRLIGHTMAP_OFF ok=1
Cmd: compileSnippet
  api=0 type=1 insize=2607 outsize=486 kw=DIRECTIONAL SHADOWS_OFF LIGHTMAP_OFF DIRLIGHTMAP_OFF ok=1
Cmd: compileSnippet
  api=0 type=0 insize=1947 outsize=1428 kw=SHADOWS_NONATIVE ok=1
Cmd: compileSnippet
  api=0 type=1 insize=1947 outsize=824 kw=SHADOWS_NONATIVE ok=1
Cmd: compileSnippet
  api=0 type=0 insize=1890 outsize=892 kw=SHADOWS_DEPTH ok=1
Cmd: compileSnippet
  api=0 type=1 insize=1890 outsize=131 kw=SHADOWS_DEPTH ok=1
Cmd: compileSnippet
  api=0 type=0 insize=1947 outsize=1428 kw=SHADOWS_SPLIT_SPHERES SHADOWS_NATIVE ok=1
Cmd: compileSnippet
  api=0 type=1 insize=1947 outsize=1144 kw=SHADOWS_SPLIT_SPHERES SHADOWS_NATIVE ok=1
Cmd: preprocess
  insize=15767 outsize=6252 ok=1
Cmd: compileSnippet
  api=0 type=0 insize=1842 outsize=772 kw= ok=1
Cmd: compileSnippet
  api=0 type=1 insize=1842 outsize=261 kw= ok=1
Cmd: compileSnippet
  api=0 type=0 insize=2826 outsize=772 kw=LIGHTMAP_OFF DIRLIGHTMAP_OFF HDR_LIGHT_PREPASS_OFF ok=1
Cmd: compileSnippet
  api=0 type=1 insize=2826 outsize=486 kw=LIGHTMAP_OFF DIRLIGHTMAP_OFF HDR_LIGHT_PREPASS_OFF ok=1
Cmd: compileSnippet
  api=0 type=0 insize=2604 outsize=772 kw=DIRECTIONAL SHADOWS_OFF LIGHTMAP_OFF DIRLIGHTMAP_OFF ok=1
Cmd: compileSnippet
  api=0 type=1 insize=2604 outsize=486 kw=DIRECTIONAL SHADOWS_OFF LIGHTMAP_OFF DIRLIGHTMAP_OFF ok=1
Cmd: compileSnippet
  api=0 type=0 insize=1948 outsize=1429 kw=SHADOWS_NONATIVE ok=1
Cmd: compileSnippet
  api=0 type=1 insize=1948 outsize=824 kw=SHADOWS_NONATIVE ok=1
Cmd: compileSnippet
  api=0 type=0 insize=1891 outsize=893 kw=SHADOWS_DEPTH ok=1
Cmd: compileSnippet
  api=0 type=1 insize=1891 outsize=131 kw=SHADOWS_DEPTH ok=1
Cmd: compileSnippet
  api=0 type=0 insize=1948 outsize=1429 kw=SHADOWS_SPLIT_SPHERES SHADOWS_NATIVE ok=1
Cmd: compileSnippet
  api=0 type=1 insize=1948 outsize=1144 kw=SHADOWS_SPLIT_SPHERES SHADOWS_NATIVE ok=1
Cmd: preprocess
  insize=15676 outsize=6160 ok=1
Cmd: compileSnippet
  api=0 type=0 insize=1841 outsize=771 kw= ok=1
Cmd: compileSnippet
  api=0 type=1 insize=1841 outsize=261 kw= ok=1
Cmd: compileSnippet
  api=0 type=0 insize=2827 outsize=771 kw=LIGHTMAP_OFF DIRLIGHTMAP_OFF HDR_LIGHT_PREPASS_OFF ok=1
Cmd: compileSnippet
  api=0 type=1 insize=2827 outsize=486 kw=LIGHTMAP_OFF DIRLIGHTMAP_OFF HDR_LIGHT_PREPASS_OFF ok=1
Cmd: compileSnippet
  api=0 type=0 insize=2607 outsize=771 kw=DIRECTIONAL SHADOWS_OFF LIGHTMAP_OFF DIRLIGHTMAP_OFF ok=1
Cmd: compileSnippet
  api=0 type=1 insize=2607 outsize=486 kw=DIRECTIONAL SHADOWS_OFF LIGHTMAP_OFF DIRLIGHTMAP_OFF ok=1
Cmd: compileSnippet
  api=0 type=0 insize=1947 outsize=1428 kw=SHADOWS_NONATIVE ok=1
Cmd: compileSnippet
  api=0 type=1 insize=1947 outsize=824 kw=SHADOWS_NONATIVE ok=1
Cmd: compileSnippet
  api=0 type=0 insize=1890 outsize=892 kw=SHADOWS_DEPTH ok=1
Cmd: compileSnippet
  api=0 type=1 insize=1890 outsize=131 kw=SHADOWS_DEPTH ok=1
Cmd: compileSnippet
  api=0 type=0 insize=1947 outsize=1428 kw=SHADOWS_SPLIT_SPHERES SHADOWS_NATIVE ok=1
Cmd: compileSnippet
  api=0 type=1 insize=1947 outsize=1144 kw=SHADOWS_SPLIT_SPHERES SHADOWS_NATIVE ok=1
Cmd: preprocess
  insize=15731 outsize=6214 ok=1
Cmd: compileSnippet
  api=0 type=0 insize=1841 outsize=771 kw= ok=1
Cmd: compileSnippet
  api=0 type=1 insize=1841 outsize=261 kw= ok=1
Cmd: compileSnippet
  api=0 type=0 insize=2827 outsize=771 kw=LIGHTMAP_OFF DIRLIGHTMAP_OFF HDR_LIGHT_PREPASS_OFF ok=1
Cmd: compileSnippet
  api=0 type=1 insize=2827 outsize=486 kw=LIGHTMAP_OFF DIRLIGHTMAP_OFF HDR_LIGHT_PREPASS_OFF ok=1
Cmd: compileSnippet
  api=0 type=0 insize=2607 outsize=771 kw=DIRECTIONAL SHADOWS_OFF LIGHTMAP_OFF DIRLIGHTMAP_OFF ok=1
Cmd: compileSnippet
  api=0 type=1 insize=2607 outsize=486 kw=DIRECTIONAL SHADOWS_OFF LIGHTMAP_OFF DIRLIGHTMAP_OFF ok=1
Cmd: compileSnippet
  api=0 type=0 insize=1947 outsize=1428 kw=SHADOWS_NONATIVE ok=1
Cmd: compileSnippet
  api=0 type=1 insize=1947 outsize=824 kw=SHADOWS_NONATIVE ok=1
Cmd: compileSnippet
  api=0 type=0 insize=1890 outsize=892 kw=SHADOWS_DEPTH ok=1
Cmd: compileSnippet
  api=0 type=1 insize=1890 outsize=131 kw=SHADOWS_DEPTH ok=1
Cmd: compileSnippet
  api=0 type=0 insize=1947 outsize=1428 kw=SHADOWS_SPLIT_SPHERES SHADOWS_NATIVE ok=1
Cmd: compileSnippet
  api=0 type=1 insize=1947 outsize=1144 kw=SHADOWS_SPLIT_SPHERES SHADOWS_NATIVE ok=1
Cmd: preprocess
  insize=15730 outsize=6216 ok=1
Cmd: compileSnippet
  api=0 type=0 insize=1841 outsize=771 kw= ok=1
Cmd: compileSnippet
  api=0 type=1 insize=1841 outsize=261 kw= ok=1
Cmd: compileSnippet
  api=0 type=0 insize=2827 outsize=771 kw=LIGHTMAP_OFF DIRLIGHTMAP_OFF HDR_LIGHT_PREPASS_OFF ok=1
Cmd: compileSnippet
  api=0 type=1 insize=2827 outsize=486 kw=LIGHTMAP_OFF DIRLIGHTMAP_OFF HDR_LIGHT_PREPASS_OFF ok=1
Cmd: compileSnippet
  api=0 type=0 insize=2607 outsize=771 kw=DIRECTIONAL SHADOWS_OFF LIGHTMAP_OFF DIRLIGHTMAP_OFF ok=1
Cmd: compileSnippet
  api=0 type=1 insize=2607 outsize=486 kw=DIRECTIONAL SHADOWS_OFF LIGHTMAP_OFF DIRLIGHTMAP_OFF ok=1
Cmd: compileSnippet
  api=0 type=0 insize=1945 outsize=1428 kw=SHADOWS_NONATIVE ok=1
Cmd: compileSnippet
  api=0 type=1 insize=1945 outsize=824 kw=SHADOWS_NONATIVE ok=1
Cmd: compileSnippet
  api=0 type=0 insize=1890 outsize=892 kw=SHADOWS_DEPTH ok=1
Cmd: compileSnippet
  api=0 type=1 insize=1890 outsize=131 kw=SHADOWS_DEPTH ok=1
Cmd: compileSnippet
  api=0 type=0 insize=1945 outsize=1428 kw=SHADOWS_SPLIT_SPHERES SHADOWS_NATIVE ok=1
Cmd: compileSnippet
  api=0 type=1 insize=1945 outsize=1144 kw=SHADOWS_SPLIT_SPHERES SHADOWS_NATIVE ok=1
Cmd: preprocess
  insize=15731 outsize=6214 ok=1
Cmd: compileSnippet
  api=0 type=0 insize=1841 outsize=767 kw= ok=1
Cmd: compileSnippet
  api=0 type=1 insize=1841 outsize=257 kw= ok=1
Cmd: compileSnippet
  api=0 type=0 insize=2827 outsize=767 kw=LIGHTMAP_OFF DIRLIGHTMAP_OFF HDR_LIGHT_PREPASS_OFF ok=1
Cmd: compileSnippet
  api=0 type=1 insize=2827 outsize=482 kw=LIGHTMAP_OFF DIRLIGHTMAP_OFF HDR_LIGHT_PREPASS_OFF ok=1
Cmd: compileSnippet
  api=0 type=0 insize=2607 outsize=767 kw=DIRECTIONAL SHADOWS_OFF LIGHTMAP_OFF DIRLIGHTMAP_OFF ok=1
Cmd: compileSnippet
  api=0 type=1 insize=2607 outsize=482 kw=DIRECTIONAL SHADOWS_OFF LIGHTMAP_OFF DIRLIGHTMAP_OFF ok=1
Cmd: compileSnippet
  api=0 type=0 insize=1947 outsize=1424 kw=SHADOWS_NONATIVE ok=1
Cmd: compileSnippet
  api=0 type=1 insize=1947 outsize=820 kw=SHADOWS_NONATIVE ok=1
Cmd: compileSnippet
  api=0 type=0 insize=1890 outsize=888 kw=SHADOWS_DEPTH ok=1
Cmd: compileSnippet
  api=0 type=1 insize=1890 outsize=127 kw=SHADOWS_DEPTH ok=1
Cmd: compileSnippet
  api=0 type=0 insize=1947 outsize=1424 kw=SHADOWS_SPLIT_SPHERES SHADOWS_NATIVE ok=1
Cmd: compileSnippet
  api=0 type=1 insize=1947 outsize=1140 kw=SHADOWS_SPLIT_SPHERES SHADOWS_NATIVE ok=1
Cmd: preprocess
  insize=15732 outsize=6215 ok=1
Cmd: compileSnippet
  api=0 type=0 insize=1841 outsize=771 kw= ok=1
Cmd: compileSnippet
  api=0 type=1 insize=1841 outsize=261 kw= ok=1
Cmd: compileSnippet
  api=0 type=0 insize=2827 outsize=771 kw=LIGHTMAP_OFF DIRLIGHTMAP_OFF HDR_LIGHT_PREPASS_OFF ok=1
Cmd: compileSnippet
  api=0 type=1 insize=2827 outsize=486 kw=LIGHTMAP_OFF DIRLIGHTMAP_OFF HDR_LIGHT_PREPASS_OFF ok=1
Cmd: compileSnippet
  api=0 type=0 insize=2607 outsize=771 kw=DIRECTIONAL SHADOWS_OFF LIGHTMAP_OFF DIRLIGHTMAP_OFF ok=1
Cmd: compileSnippet
  api=0 type=1 insize=2607 outsize=486 kw=DIRECTIONAL SHADOWS_OFF LIGHTMAP_OFF DIRLIGHTMAP_OFF ok=1
Cmd: compileSnippet
  api=0 type=0 insize=1947 outsize=1428 kw=SHADOWS_NONATIVE ok=1
Cmd: compileSnippet
  api=0 type=1 insize=1947 outsize=824 kw=SHADOWS_NONATIVE ok=1
Cmd: compileSnippet
  api=0 type=0 insize=1890 outsize=892 kw=SHADOWS_DEPTH ok=1
Cmd: compileSnippet
  api=0 type=1 insize=1890 outsize=131 kw=SHADOWS_DEPTH ok=1
Cmd: compileSnippet
  api=0 type=0 insize=1947 outsize=1428 kw=SHADOWS_SPLIT_SPHERES SHADOWS_NATIVE ok=1
Cmd: compileSnippet
  api=0 type=1 insize=1947 outsize=1144 kw=SHADOWS_SPLIT_SPHERES SHADOWS_NATIVE ok=1
Cmd: preprocess
  insize=15675 outsize=6161 ok=1
Cmd: compileSnippet
  api=0 type=0 insize=1841 outsize=771 kw= ok=1
Cmd: compileSnippet
  api=0 type=1 insize=1841 outsize=261 kw= ok=1
Cmd: compileSnippet
  api=0 type=0 insize=2825 outsize=771 kw=LIGHTMAP_OFF DIRLIGHTMAP_OFF HDR_LIGHT_PREPASS_OFF ok=1
Cmd: compileSnippet
  api=0 type=1 insize=2825 outsize=486 kw=LIGHTMAP_OFF DIRLIGHTMAP_OFF HDR_LIGHT_PREPASS_OFF ok=1
Cmd: compileSnippet
  api=0 type=0 insize=2607 outsize=771 kw=DIRECTIONAL SHADOWS_OFF LIGHTMAP_OFF DIRLIGHTMAP_OFF ok=1
Cmd: compileSnippet
  api=0 type=1 insize=2607 outsize=486 kw=DIRECTIONAL SHADOWS_OFF LIGHTMAP_OFF DIRLIGHTMAP_OFF ok=1
Cmd: compileSnippet
  api=0 type=0 insize=1947 outsize=1428 kw=SHADOWS_NONATIVE ok=1
Cmd: compileSnippet
  api=0 type=1 insize=1947 outsize=824 kw=SHADOWS_NONATIVE ok=1
Cmd: compileSnippet
  api=0 type=0 insize=1890 outsize=892 kw=SHADOWS_DEPTH ok=1
Cmd: compileSnippet
  api=0 type=1 insize=1890 outsize=131 kw=SHADOWS_DEPTH ok=1
Cmd: preprocess
  insize=16192 outsize=6286 ok=1
Cmd: compileSnippet
  api=0 type=0 insize=1919 outsize=771 kw= ok=1
Cmd: compileSnippet
  api=0 type=1 insize=1919 outsize=338 kw= ok=1
Cmd: compileSnippet
  api=0 type=0 insize=2905 outsize=771 kw=LIGHTMAP_OFF DIRLIGHTMAP_OFF HDR_LIGHT_PREPASS_OFF ok=1
Cmd: compileSnippet
  api=0 type=1 insize=2905 outsize=543 kw=LIGHTMAP_OFF DIRLIGHTMAP_OFF HDR_LIGHT_PREPASS_OFF ok=1
Cmd: compileSnippet
  api=0 type=0 insize=2685 outsize=771 kw=DIRECTIONAL SHADOWS_OFF LIGHTMAP_OFF DIRLIGHTMAP_OFF ok=1
Cmd: compileSnippet
  api=0 type=1 insize=2685 outsize=543 kw=DIRECTIONAL SHADOWS_OFF LIGHTMAP_OFF DIRLIGHTMAP_OFF ok=1
Cmd: compileSnippet
  api=0 type=0 insize=2025 outsize=1428 kw=SHADOWS_NONATIVE ok=1
Cmd: compileSnippet
  api=0 type=1 insize=2025 outsize=870 kw=SHADOWS_NONATIVE ok=1
Cmd: compileSnippet
  api=0 type=0 insize=1968 outsize=892 kw=SHADOWS_DEPTH ok=1
Cmd: compileSnippet
  api=0 type=1 insize=1968 outsize=214 kw=SHADOWS_DEPTH ok=1
Cmd: preprocess
  insize=22847 outsize=6287 ok=1
Cmd: compileSnippet
  api=0 type=0 insize=3250 outsize=781 kw= ok=1
Cmd: compileSnippet
  api=0 type=1 insize=3250 outsize=1321 kw= ok=1
Cmd: compileSnippet
  api=0 type=0 insize=4238 outsize=781 kw=LIGHTMAP_OFF DIRLIGHTMAP_OFF HDR_LIGHT_PREPASS_OFF ok=1
Cmd: compileSnippet
  api=0 type=1 insize=4238 outsize=1534 kw=LIGHTMAP_OFF DIRLIGHTMAP_OFF HDR_LIGHT_PREPASS_OFF ok=1
Cmd: compileSnippet
  api=0 type=0 insize=4016 outsize=781 kw=DIRECTIONAL SHADOWS_OFF LIGHTMAP_OFF DIRLIGHTMAP_OFF ok=1
Cmd: compileSnippet
  api=0 type=1 insize=4016 outsize=1534 kw=DIRECTIONAL SHADOWS_OFF LIGHTMAP_OFF DIRLIGHTMAP_OFF ok=1
Cmd: compileSnippet
  api=0 type=0 insize=3356 outsize=1438 kw=SHADOWS_NONATIVE ok=1
Cmd: compileSnippet
  api=0 type=1 insize=3356 outsize=1874 kw=SHADOWS_NONATIVE ok=1
Cmd: compileSnippet
  api=0 type=0 insize=3299 outsize=973 kw=SHADOWS_DEPTH ok=1
Cmd: compileSnippet
  api=0 type=1 insize=3299 outsize=1188 kw=SHADOWS_DEPTH ok=1
Cmd: preprocess
  insize=16184 outsize=6285 ok=1
Cmd: compileSnippet
  api=0 type=0 insize=1919 outsize=771 kw= ok=1
Cmd: compileSnippet
  api=0 type=1 insize=1919 outsize=338 kw= ok=1
Cmd: compileSnippet
  api=0 type=0 insize=2903 outsize=771 kw=LIGHTMAP_OFF DIRLIGHTMAP_OFF HDR_LIGHT_PREPASS_OFF ok=1
Cmd: compileSnippet
  api=0 type=1 insize=2903 outsize=543 kw=LIGHTMAP_OFF DIRLIGHTMAP_OFF HDR_LIGHT_PREPASS_OFF ok=1
Cmd: compileSnippet
  api=0 type=0 insize=2685 outsize=771 kw=DIRECTIONAL SHADOWS_OFF LIGHTMAP_OFF DIRLIGHTMAP_OFF ok=1
Cmd: compileSnippet
  api=0 type=1 insize=2685 outsize=543 kw=DIRECTIONAL SHADOWS_OFF LIGHTMAP_OFF DIRLIGHTMAP_OFF ok=1
Cmd: compileSnippet
  api=0 type=0 insize=2025 outsize=1428 kw=SHADOWS_NONATIVE ok=1
Cmd: compileSnippet
  api=0 type=1 insize=2025 outsize=870 kw=SHADOWS_NONATIVE ok=1
Cmd: compileSnippet
  api=0 type=0 insize=1962 outsize=892 kw=SHADOWS_DEPTH ok=1
Cmd: compileSnippet
  api=0 type=1 insize=1962 outsize=214 kw=SHADOWS_DEPTH ok=1
Cmd: preprocess
  insize=15677 outsize=6161 ok=1
Cmd: compileSnippet
  api=0 type=0 insize=1841 outsize=771 kw= ok=1
Cmd: compileSnippet
  api=0 type=1 insize=1841 outsize=261 kw= ok=1
Cmd: compileSnippet
  api=0 type=0 insize=2827 outsize=771 kw=LIGHTMAP_OFF DIRLIGHTMAP_OFF HDR_LIGHT_PREPASS_OFF ok=1
Cmd: compileSnippet
  api=0 type=1 insize=2827 outsize=486 kw=LIGHTMAP_OFF DIRLIGHTMAP_OFF HDR_LIGHT_PREPASS_OFF ok=1
Cmd: compileSnippet
  api=0 type=0 insize=2607 outsize=771 kw=DIRECTIONAL SHADOWS_OFF LIGHTMAP_OFF DIRLIGHTMAP_OFF ok=1
Cmd: compileSnippet
  api=0 type=1 insize=2607 outsize=486 kw=DIRECTIONAL SHADOWS_OFF LIGHTMAP_OFF DIRLIGHTMAP_OFF ok=1
Cmd: compileSnippet
  api=0 type=0 insize=1947 outsize=1428 kw=SHADOWS_NONATIVE ok=1
Cmd: compileSnippet
  api=0 type=1 insize=1947 outsize=824 kw=SHADOWS_NONATIVE ok=1
Cmd: compileSnippet
  api=0 type=0 insize=1890 outsize=892 kw=SHADOWS_DEPTH ok=1
Cmd: compileSnippet
  api=0 type=1 insize=1890 outsize=131 kw=SHADOWS_DEPTH ok=1
Cmd: preprocess
  insize=15736 outsize=6220 ok=1
Cmd: compileSnippet
  api=0 type=0 insize=1841 outsize=771 kw= ok=1
Cmd: compileSnippet
  api=0 type=1 insize=1841 outsize=261 kw= ok=1
Cmd: compileSnippet
  api=0 type=0 insize=2827 outsize=771 kw=LIGHTMAP_OFF DIRLIGHTMAP_OFF HDR_LIGHT_PREPASS_OFF ok=1
Cmd: compileSnippet
  api=0 type=1 insize=2827 outsize=486 kw=LIGHTMAP_OFF DIRLIGHTMAP_OFF HDR_LIGHT_PREPASS_OFF ok=1
Cmd: compileSnippet
  api=0 type=0 insize=2607 outsize=771 kw=DIRECTIONAL SHADOWS_OFF LIGHTMAP_OFF DIRLIGHTMAP_OFF ok=1
Cmd: compileSnippet
  api=0 type=1 insize=2607 outsize=486 kw=DIRECTIONAL SHADOWS_OFF LIGHTMAP_OFF DIRLIGHTMAP_OFF ok=1
Cmd: compileSnippet
  api=0 type=0 insize=1947 outsize=1428 kw=SHADOWS_NONATIVE ok=1
Cmd: compileSnippet
  api=0 type=1 insize=1947 outsize=824 kw=SHADOWS_NONATIVE ok=1
Cmd: compileSnippet
  api=0 type=0 insize=1890 outsize=892 kw=SHADOWS_DEPTH ok=1
Cmd: compileSnippet
  api=0 type=1 insize=1890 outsize=131 kw=SHADOWS_DEPTH ok=1
Cmd: preprocess
  insize=15734 outsize=6219 ok=1
Cmd: compileSnippet
  api=0 type=0 insize=1839 outsize=771 kw= ok=1
Cmd: compileSnippet
  api=0 type=1 insize=1839 outsize=261 kw= ok=1
Cmd: compileSnippet
  api=0 type=0 insize=2827 outsize=771 kw=LIGHTMAP_OFF DIRLIGHTMAP_OFF HDR_LIGHT_PREPASS_OFF ok=1
Cmd: compileSnippet
  api=0 type=1 insize=2827 outsize=486 kw=LIGHTMAP_OFF DIRLIGHTMAP_OFF HDR_LIGHT_PREPASS_OFF ok=1
Cmd: compileSnippet
  api=0 type=0 insize=2607 outsize=771 kw=DIRECTIONAL SHADOWS_OFF LIGHTMAP_OFF DIRLIGHTMAP_OFF ok=1
Cmd: compileSnippet
  api=0 type=1 insize=2607 outsize=486 kw=DIRECTIONAL SHADOWS_OFF LIGHTMAP_OFF DIRLIGHTMAP_OFF ok=1
Cmd: compileSnippet
  api=0 type=0 insize=1947 outsize=1428 kw=SHADOWS_NONATIVE ok=1
Cmd: compileSnippet
  api=0 type=1 insize=1947 outsize=824 kw=SHADOWS_NONATIVE ok=1
Cmd: compileSnippet
  api=0 type=0 insize=1890 outsize=892 kw=SHADOWS_DEPTH ok=1
Cmd: compileSnippet
  api=0 type=1 insize=1890 outsize=131 kw=SHADOWS_DEPTH ok=1
Cmd: preprocess
  insize=15730 outsize=6214 ok=1
Cmd: compileSnippet
  api=0 type=0 insize=1841 outsize=771 kw= ok=1
Cmd: compileSnippet
  api=0 type=1 insize=1841 outsize=261 kw= ok=1
Cmd: compileSnippet
  api=0 type=0 insize=2827 outsize=771 kw=LIGHTMAP_OFF DIRLIGHTMAP_OFF HDR_LIGHT_PREPASS_OFF ok=1
Cmd: compileSnippet
  api=0 type=1 insize=2827 outsize=486 kw=LIGHTMAP_OFF DIRLIGHTMAP_OFF HDR_LIGHT_PREPASS_OFF ok=1
Cmd: compileSnippet
  api=0 type=0 insize=2607 outsize=771 kw=DIRECTIONAL SHADOWS_OFF LIGHTMAP_OFF DIRLIGHTMAP_OFF ok=1
Cmd: compileSnippet
  api=0 type=1 insize=2607 outsize=486 kw=DIRECTIONAL SHADOWS_OFF LIGHTMAP_OFF DIRLIGHTMAP_OFF ok=1
Cmd: compileSnippet
  api=0 type=0 insize=1947 outsize=1428 kw=SHADOWS_NONATIVE ok=1
Cmd: compileSnippet
  api=0 type=1 insize=1947 outsize=824 kw=SHADOWS_NONATIVE ok=1
Cmd: compileSnippet
  api=0 type=0 insize=1890 outsize=892 kw=SHADOWS_DEPTH ok=1
Cmd: compileSnippet
  api=0 type=1 insize=1890 outsize=131 kw=SHADOWS_DEPTH ok=1
Cmd: preprocess
  insize=15730 outsize=6216 ok=1
Cmd: compileSnippet
  api=0 type=0 insize=1841 outsize=771 kw= ok=1
Cmd: compileSnippet
  api=0 type=1 insize=1841 outsize=261 kw= ok=1
Cmd: compileSnippet
  api=0 type=0 insize=2827 outsize=771 kw=LIGHTMAP_OFF DIRLIGHTMAP_OFF HDR_LIGHT_PREPASS_OFF ok=1
Cmd: compileSnippet
  api=0 type=1 insize=2827 outsize=486 kw=LIGHTMAP_OFF DIRLIGHTMAP_OFF HDR_LIGHT_PREPASS_OFF ok=1
Cmd: compileSnippet
  api=0 type=0 insize=2605 outsize=771 kw=DIRECTIONAL SHADOWS_OFF LIGHTMAP_OFF DIRLIGHTMAP_OFF ok=1
Cmd: compileSnippet
  api=0 type=1 insize=2605 outsize=486 kw=DIRECTIONAL SHADOWS_OFF LIGHTMAP_OFF DIRLIGHTMAP_OFF ok=1
Cmd: compileSnippet
  api=0 type=0 insize=1947 outsize=1428 kw=SHADOWS_NONATIVE ok=1
Cmd: compileSnippet
  api=0 type=1 insize=1947 outsize=824 kw=SHADOWS_NONATIVE ok=1
Cmd: compileSnippet
  api=0 type=0 insize=1890 outsize=892 kw=SHADOWS_DEPTH ok=1
Cmd: compileSnippet
  api=0 type=1 insize=1890 outsize=131 kw=SHADOWS_DEPTH ok=1
Cmd: preprocess
  insize=15736 outsize=6220 ok=1
Cmd: compileSnippet
  api=0 type=0 insize=1841 outsize=771 kw= ok=1
Cmd: compileSnippet
  api=0 type=1 insize=1841 outsize=261 kw= ok=1
Cmd: compileSnippet
  api=0 type=0 insize=2827 outsize=771 kw=LIGHTMAP_OFF DIRLIGHTMAP_OFF HDR_LIGHT_PREPASS_OFF ok=1
Cmd: compileSnippet
  api=0 type=1 insize=2827 outsize=486 kw=LIGHTMAP_OFF DIRLIGHTMAP_OFF HDR_LIGHT_PREPASS_OFF ok=1
Cmd: compileSnippet
  api=0 type=0 insize=2607 outsize=771 kw=DIRECTIONAL SHADOWS_OFF LIGHTMAP_OFF DIRLIGHTMAP_OFF ok=1
Cmd: compileSnippet
  api=0 type=1 insize=2607 outsize=486 kw=DIRECTIONAL SHADOWS_OFF LIGHTMAP_OFF DIRLIGHTMAP_OFF ok=1
Cmd: compileSnippet
  api=0 type=0 insize=1947 outsize=1428 kw=SHADOWS_NONATIVE ok=1
Cmd: compileSnippet
  api=0 type=1 insize=1947 outsize=824 kw=SHADOWS_NONATIVE ok=1
Cmd: compileSnippet
  api=0 type=0 insize=1890 outsize=892 kw=SHADOWS_DEPTH ok=1
Cmd: compileSnippet
  api=0 type=1 insize=1890 outsize=131 kw=SHADOWS_DEPTH ok=1
Cmd: preprocess
  insize=15732 outsize=6218 ok=1
Cmd: compileSnippet
  api=0 type=0 insize=1841 outsize=771 kw= ok=1
Cmd: compileSnippet
  api=0 type=1 insize=1841 outsize=261 kw= ok=1
Cmd: compileSnippet
  api=0 type=0 insize=2827 outsize=771 kw=LIGHTMAP_OFF DIRLIGHTMAP_OFF HDR_LIGHT_PREPASS_OFF ok=1
Cmd: compileSnippet
  api=0 type=1 insize=2827 outsize=486 kw=LIGHTMAP_OFF DIRLIGHTMAP_OFF HDR_LIGHT_PREPASS_OFF ok=1
Cmd: compileSnippet
  api=0 type=0 insize=2605 outsize=771 kw=DIRECTIONAL SHADOWS_OFF LIGHTMAP_OFF DIRLIGHTMAP_OFF ok=1
Cmd: compileSnippet
  api=0 type=1 insize=2605 outsize=486 kw=DIRECTIONAL SHADOWS_OFF LIGHTMAP_OFF DIRLIGHTMAP_OFF ok=1
Cmd: compileSnippet
  api=0 type=0 insize=1947 outsize=1428 kw=SHADOWS_NONATIVE ok=1
Cmd: compileSnippet
  api=0 type=1 insize=1947 outsize=824 kw=SHADOWS_NONATIVE ok=1
Cmd: compileSnippet
  api=0 type=0 insize=1888 outsize=892 kw=SHADOWS_DEPTH ok=1
Cmd: compileSnippet
  api=0 type=1 insize=1888 outsize=131 kw=SHADOWS_DEPTH ok=1
